-------------------------------------------------------------------------------
Test set: com.example.imdb.config.ContainersEnvironmentTest
-------------------------------------------------------------------------------
Tests run: 1, Failures: 0, Errors: 1, Skipped: 0, Time elapsed: 0 s <<< FAILURE! - in com.example.imdb.config.ContainersEnvironmentTest
test  Time elapsed: 0 s  <<< ERROR!
java.lang.NoClassDefFoundError: org/testcontainers/containers/wait/LogMessageWaitStrategy
	at com.example.imdb.config.ContainersEnvironmentTest.<init>(ContainersEnvironmentTest.java:19)

