<?xml version="1.0" encoding="UTF-8"?>
<testsuite xmlns:xsi="http://www.w3.org/2001/XMLSchema-instance" xsi:noNamespaceSchemaLocation="https://maven.apache.org/surefire/maven-surefire-plugin/xsd/surefire-test-report.xsd" name="com.example.imdb.serviceTest.MovieServiceTest" time="0.321" tests="1" errors="1" skipped="0" failures="0">
  <properties>
[...]
</properties>
  <testcase name="com.example.imdb.serviceTest.MovieServiceTest" classname="com.example.imdb.serviceTest.MovieServiceTest" time="0.32">
    <error message="org/testcontainers/containers/wait/LogMessageWaitStrategy" type="java.lang.NoClassDefFoundError"><![CDATA[java.lang.NoClassDefFoundError: org/testcontainers/containers/wait/LogMessageWaitStrategy
	at com.example.imdb.serviceTest.MovieServiceTest.<clinit>(MovieServiceTest.java:22)
Caused by: java.lang.ClassNotFoundException: org.testcontainers.containers.wait.LogMessageWaitStrategy
	at com.example.imdb.serviceTest.MovieServiceTest.<clinit>(MovieServiceTest.java:22)
]]></error>
    <system-out><![CDATA[21:35:42.761 [main] DEBUG org.springframework.test.context.BootstrapUtils - Instantiating CacheAwareContextLoaderDelegate from class [org.springframework.test.context.cache.DefaultCacheAwareContextLoaderDelegate]
21:35:42.766 [main] DEBUG org.springframework.test.context.BootstrapUtils - Instantiating BootstrapContext using constructor [public org.springframework.test.context.support.DefaultBootstrapContext(java.lang.Class,org.springframework.test.context.CacheAwareContextLoaderDelegate)]
21:35:42.795 [main] DEBUG org.springframework.test.context.BootstrapUtils - Instantiating TestContextBootstrapper for test class [com.example.imdb.serviceTest.MovieServiceTest] from class [org.springframework.boot.test.context.SpringBootTestContextBootstrapper]
21:35:42.805 [main] INFO org.springframework.boot.test.context.SpringBootTestContextBootstrapper - Neither @ContextConfiguration nor @ContextHierarchy found for test class [com.example.imdb.serviceTest.MovieServiceTest], using SpringBootContextLoader
21:35:42.809 [main] DEBUG org.springframework.test.context.support.AbstractContextLoader - Did not detect default resource location for test class [com.example.imdb.serviceTest.MovieServiceTest]: class path resource [com/example/imdb/serviceTest/MovieServiceTest-context.xml] does not exist
21:35:42.810 [main] DEBUG org.springframework.test.context.support.AbstractContextLoader - Did not detect default resource location for test class [com.example.imdb.serviceTest.MovieServiceTest]: class path resource [com/example/imdb/serviceTest/MovieServiceTestContext.groovy] does not exist
21:35:42.810 [main] INFO org.springframework.test.context.support.AbstractContextLoader - Could not detect default resource locations for test class [com.example.imdb.serviceTest.MovieServiceTest]: no resource found for suffixes {-context.xml, Context.groovy}.
21:35:42.811 [main] INFO org.springframework.test.context.support.AnnotationConfigContextLoaderUtils - Could not detect default configuration classes for test class [com.example.imdb.serviceTest.MovieServiceTest]: MovieServiceTest does not declare any static, non-private, non-final, nested classes annotated with @Configuration.
21:35:42.852 [main] DEBUG org.springframework.test.context.support.ActiveProfilesUtils - Could not find an 'annotation declaring class' for annotation type [org.springframework.test.context.ActiveProfiles] and class [com.example.imdb.serviceTest.MovieServiceTest]
21:35:42.899 [main] DEBUG org.springframework.context.annotation.ClassPathScanningCandidateComponentProvider - Identified candidate component class: file [/home/renos/Desktop/IMDBReposiroty/target/classes/com/example/imdb/ImdbApplication.class]
21:35:42.899 [main] INFO org.springframework.boot.test.context.SpringBootTestContextBootstrapper - Found @SpringBootConfiguration com.example.imdb.ImdbApplication for test class com.example.imdb.serviceTest.MovieServiceTest
21:35:42.964 [main] DEBUG org.springframework.boot.test.context.SpringBootTestContextBootstrapper - @TestExecutionListeners is not present for class [com.example.imdb.serviceTest.MovieServiceTest]: using defaults.
21:35:42.964 [main] INFO org.springframework.boot.test.context.SpringBootTestContextBootstrapper - Loaded default TestExecutionListener class names from location [META-INF/spring.factories]: [org.springframework.boot.test.mock.mockito.MockitoTestExecutionListener, org.springframework.boot.test.mock.mockito.ResetMocksTestExecutionListener, org.springframework.boot.test.autoconfigure.restdocs.RestDocsTestExecutionListener, org.springframework.boot.test.autoconfigure.web.client.MockRestServiceServerResetTestExecutionListener, org.springframework.boot.test.autoconfigure.web.servlet.MockMvcPrintOnlyOnFailureTestExecutionListener, org.springframework.boot.test.autoconfigure.web.servlet.WebDriverTestExecutionListener, org.springframework.boot.test.autoconfigure.webservices.client.MockWebServiceServerTestExecutionListener, org.springframework.test.context.web.ServletTestExecutionListener, org.springframework.test.context.support.DirtiesContextBeforeModesTestExecutionListener, org.springframework.test.context.event.ApplicationEventsTestExecutionListener, org.springframework.test.context.support.DependencyInjectionTestExecutionListener, org.springframework.test.context.support.DirtiesContextTestExecutionListener, org.springframework.test.context.transaction.TransactionalTestExecutionListener, org.springframework.test.context.jdbc.SqlScriptsTestExecutionListener, org.springframework.test.context.event.EventPublishingTestExecutionListener]
21:35:42.982 [main] INFO org.springframework.boot.test.context.SpringBootTestContextBootstrapper - Using TestExecutionListeners: [org.springframework.test.context.web.ServletTestExecutionListener@ab7395e, org.springframework.test.context.support.DirtiesContextBeforeModesTestExecutionListener@50d13246, org.springframework.test.context.event.ApplicationEventsTestExecutionListener@2bd08376, org.springframework.boot.test.mock.mockito.MockitoTestExecutionListener@e70f13a, org.springframework.boot.test.autoconfigure.SpringBootDependencyInjectionTestExecutionListener@3d3e5463, org.springframework.test.context.support.DirtiesContextTestExecutionListener@64a40280, org.springframework.test.context.transaction.TransactionalTestExecutionListener@4b40f651, org.springframework.test.context.jdbc.SqlScriptsTestExecutionListener@42b02722, org.springframework.test.context.event.EventPublishingTestExecutionListener@d62fe5b, org.springframework.boot.test.mock.mockito.ResetMocksTestExecutionListener@49964d75, org.springframework.boot.test.autoconfigure.restdocs.RestDocsTestExecutionListener@528c868, org.springframework.boot.test.autoconfigure.web.client.MockRestServiceServerResetTestExecutionListener@466276d8, org.springframework.boot.test.autoconfigure.web.servlet.MockMvcPrintOnlyOnFailureTestExecutionListener@5ce8d869, org.springframework.boot.test.autoconfigure.web.servlet.WebDriverTestExecutionListener@27eedb64, org.springframework.boot.test.autoconfigure.webservices.client.MockWebServiceServerTestExecutionListener@64c63c79]
21:35:42.987 [main] DEBUG org.springframework.test.context.support.AbstractDirtiesContextTestExecutionListener - After test class: context [DefaultTestContext@2766ca9d testClass = MovieServiceTest, testInstance = [null], testMethod = [null], testException = [null], mergedContextConfiguration = [WebMergedContextConfiguration@5460cf3a testClass = MovieServiceTest, locations = '{}', classes = '{class com.example.imdb.ImdbApplication}', contextInitializerClasses = '[]', activeProfiles = '{}', propertySourceLocations = '{}', propertySourceProperties = '{org.springframework.boot.test.context.SpringBootTestContextBootstrapper=true}', contextCustomizers = set[org.springframework.boot.test.context.filter.ExcludeFilterContextCustomizer@72e5a8e, org.springframework.boot.test.json.DuplicateJsonObjectContextCustomizerFactory$DuplicateJsonObjectContextCustomizer@52b1beb6, org.springframework.boot.test.mock.mockito.MockitoContextCustomizer@0, org.springframework.boot.test.web.client.TestRestTemplateContextCustomizer@6221a451, org.springframework.boot.test.autoconfigure.actuate.metrics.MetricsExportContextCustomizerFactory$DisableMetricExportContextCustomizer@4d154ccd, org.springframework.boot.test.autoconfigure.properties.PropertyMappingContextCustomizer@0, org.springframework.boot.test.autoconfigure.web.servlet.WebDriverContextCustomizerFactory$Customizer@2ddc9a9f, org.springframework.test.context.support.DynamicPropertiesContextCustomizer@79b59aca, org.springframework.boot.test.context.SpringBootTestArgs@1, org.springframework.boot.test.context.SpringBootTestWebEnvironment@4493d195], resourceBasePath = 'src/main/webapp', contextLoader = 'org.springframework.boot.test.context.SpringBootContextLoader', parent = [null]], attributes = map['org.springframework.test.context.web.ServletTestExecutionListener.activateListener' -> true]], class annotated with @DirtiesContext [false] with mode [null].
]]></system-out>
  </testcase>
</testsuite>